{
  "stats": {
    "suites": 1,
    "tests": 4,
    "passes": 3,
    "pending": 0,
    "failures": 1,
    "start": "2023-04-12T20:14:18.524Z",
    "end": "2023-04-12T20:14:27.454Z",
    "duration": 8930,
    "testsRegistered": 4,
    "passPercent": 75,
    "pendingPercent": 0,
    "other": 0,
    "hasOther": false,
    "skipped": 0,
    "hasSkipped": false
  },
  "results": [
    {
      "uuid": "16ba1ec3-e190-49e1-8d4a-fed37b9c8c47",
      "title": "",
      "fullFile": "cypress\\e2e\\login.cy.js",
      "file": "cypress\\e2e\\login.cy.js",
      "beforeHooks": [],
      "afterHooks": [],
      "tests": [],
      "suites": [
        {
          "uuid": "0b3c48e0-05b4-4898-8cc3-dca0979e68c6",
          "title": "SauceDemo Login",
          "fullFile": "",
          "file": "",
          "beforeHooks": [],
          "afterHooks": [],
          "tests": [
            {
              "title": "should login",
              "fullTitle": "SauceDemo Login should login",
              "timedOut": null,
              "duration": 914,
              "state": "passed",
              "speed": "fast",
              "pass": true,
              "fail": false,
              "pending": false,
              "context": null,
              "code": "cy.get('#user-name').type('standard_user');\ncy.get('#password').type('secret_sauce');\ncy.get('#login-button').click();\ncy.get('#inventory_container').should('be.visible');",
              "err": {},
              "uuid": "692cc2f0-e1c4-4738-88e2-e77f944a5d35",
              "parentUUID": "0b3c48e0-05b4-4898-8cc3-dca0979e68c6",
              "isHook": false,
              "skipped": false
            },
            {
              "title": "Login with bad credentials",
              "fullTitle": "SauceDemo Login Login with bad credentials",
              "timedOut": null,
              "duration": 768,
              "state": "passed",
              "speed": "fast",
              "pass": true,
              "fail": false,
              "pending": false,
              "context": null,
              "code": "cy.get('#user-name').type('standard_user');\ncy.get('#password').type('bad_password');\ncy.get('#login-button').click();\ncy.get('#login_button_container').should('be.visible');",
              "err": {},
              "uuid": "5814e273-f70a-4f80-ab1f-4d5c08539dca",
              "parentUUID": "0b3c48e0-05b4-4898-8cc3-dca0979e68c6",
              "isHook": false,
              "skipped": false
            },
            {
              "title": "Login with locked user",
              "fullTitle": "SauceDemo Login Login with locked user",
              "timedOut": null,
              "duration": 767,
              "state": "passed",
              "speed": "fast",
              "pass": true,
              "fail": false,
              "pending": false,
              "context": null,
              "code": "cy.get('#user-name').type('locked_out_user');\ncy.get('#password').type('secret_sauce');\ncy.get('#login-button').click();\ncy.get('[data-test=\"error\"]').should('be.visible').invoke('text').should('eq', 'Epic sadface: Sorry, this user has been locked out.');",
              "err": {},
              "uuid": "6e884f27-3376-44c6-91e1-5fdb2b54ddad",
              "parentUUID": "0b3c48e0-05b4-4898-8cc3-dca0979e68c6",
              "isHook": false,
              "skipped": false
            },
            {
              "title": "should login failed",
              "fullTitle": "SauceDemo Login should login failed",
              "timedOut": null,
              "duration": 5421,
              "state": "failed",
              "speed": null,
              "pass": false,
              "fail": true,
              "pending": false,
              "context": "\"assets/login.cy.js/SauceDemo Login -- should login failed (failed).png\"",
              "code": "cy.get('#user-name').type('standard_user');\ncy.get('#password').type('xyz');\ncy.get('#login-button').click();\ncy.get('#inventory_container').should('be.visible');",
              "err": {
                "message": "AssertionError: Timed out retrying after 4000ms: Expected to find element: `#inventory_container`, but never found it.",
                "estack": "AssertionError: Timed out retrying after 4000ms: Expected to find element: `#inventory_container`, but never found it.\n    at Context.eval (webpack:///./cypress/e2e/login.cy.js:37:39)",
                "diff": null
              },
              "uuid": "8cffc037-7e10-4b93-b7fb-07847674c611",
              "parentUUID": "0b3c48e0-05b4-4898-8cc3-dca0979e68c6",
              "isHook": false,
              "skipped": false
            }
          ],
          "suites": [],
          "passes": [
            "692cc2f0-e1c4-4738-88e2-e77f944a5d35",
            "5814e273-f70a-4f80-ab1f-4d5c08539dca",
            "6e884f27-3376-44c6-91e1-5fdb2b54ddad"
          ],
          "failures": [
            "8cffc037-7e10-4b93-b7fb-07847674c611"
          ],
          "pending": [],
          "skipped": [],
          "duration": 7870,
          "root": false,
          "rootEmpty": false,
          "_timeout": 2000
        }
      ],
      "passes": [],
      "failures": [],
      "pending": [],
      "skipped": [],
      "duration": 0,
      "root": true,
      "rootEmpty": true,
      "_timeout": 2000
    }
  ],
  "meta": {
    "mocha": {
      "version": "7.0.1"
    },
    "mochawesome": {
      "options": {
        "quiet": false,
        "reportFilename": "mochawesome",
        "saveHtml": false,
        "saveJson": true,
        "consoleReporter": "spec",
        "useInlineDiffs": false,
        "code": true
      },
      "version": "7.1.3"
    },
    "marge": {
      "options": {
        "reportDir": "cypress/reports",
        "embeddedScreenshots": true,
        "charts": true,
        "overwrite": false,
        "html": false,
        "json": true
      },
      "version": "6.2.0"
    }
  }
}