{
  "stats": {
    "suites": 1,
    "tests": 1,
    "passes": 1,
    "pending": 0,
    "failures": 0,
    "start": "2023-04-12T20:07:22.805Z",
    "end": "2023-04-12T20:07:23.286Z",
    "duration": 481,
    "testsRegistered": 1,
    "passPercent": 100,
    "pendingPercent": 0,
    "other": 0,
    "hasOther": false,
    "skipped": 0,
    "hasSkipped": false
  },
  "results": [
    {
      "uuid": "04429cfb-bb79-4f15-af8a-2b6fe033b2db",
      "title": "",
      "fullFile": "cypress\\e2e\\mercadoLibreAPI.cy.js",
      "file": "cypress\\e2e\\mercadoLibreAPI.cy.js",
      "beforeHooks": [],
      "afterHooks": [],
      "tests": [],
      "suites": [
        {
          "uuid": "31915e13-51ba-4c95-ad6a-8f5635d5d80c",
          "title": "Mercado Libre API",
          "fullFile": "",
          "file": "",
          "beforeHooks": [],
          "afterHooks": [],
          "tests": [
            {
              "title": "Listar Departamentos en MercadoLibre",
              "fullTitle": "Mercado Libre API Listar Departamentos en MercadoLibre",
              "timedOut": null,
              "duration": 443,
              "state": "passed",
              "speed": "fast",
              "pass": true,
              "fail": false,
              "pending": false,
              "context": null,
              "code": "cy.request(\"GET\", \" https://www.mercadolibre.com.ar/menu/departments\").should(response => {\n  expect(response.status).to.eq(200);\n  expect(response.body).to.have.property('departments');\n});",
              "err": {},
              "uuid": "26e3b630-59e9-4875-ad1d-74430d435eba",
              "parentUUID": "31915e13-51ba-4c95-ad6a-8f5635d5d80c",
              "isHook": false,
              "skipped": false
            }
          ],
          "suites": [],
          "passes": [
            "26e3b630-59e9-4875-ad1d-74430d435eba"
          ],
          "failures": [],
          "pending": [],
          "skipped": [],
          "duration": 443,
          "root": false,
          "rootEmpty": false,
          "_timeout": 2000
        }
      ],
      "passes": [],
      "failures": [],
      "pending": [],
      "skipped": [],
      "duration": 0,
      "root": true,
      "rootEmpty": true,
      "_timeout": 2000
    }
  ],
  "meta": {
    "mocha": {
      "version": "7.0.1"
    },
    "mochawesome": {
      "options": {
        "quiet": false,
        "reportFilename": "mochawesome",
        "saveHtml": false,
        "saveJson": true,
        "consoleReporter": "spec",
        "useInlineDiffs": false,
        "code": true
      },
      "version": "7.1.3"
    },
    "marge": {
      "options": {
        "reportDir": "cypress/reports",
        "embeddedScreenshots": true,
        "charts": true,
        "overwrite": false,
        "html": false,
        "json": true
      },
      "version": "6.2.0"
    }
  }
}