{
  "stats": {
    "suites": 1,
    "tests": 2,
    "passes": 2,
    "pending": 0,
    "failures": 0,
    "start": "2023-04-12T20:09:41.064Z",
    "end": "2023-04-12T20:10:29.995Z",
    "duration": 48931,
    "testsRegistered": 2,
    "passPercent": 100,
    "pendingPercent": 0,
    "other": 0,
    "hasOther": false,
    "skipped": 0,
    "hasSkipped": false
  },
  "results": [
    {
      "uuid": "54a313a6-de47-4293-9c8d-2f67ac7dae8f",
      "title": "",
      "fullFile": "cypress\\e2e\\addToCart.cy.js",
      "file": "cypress\\e2e\\addToCart.cy.js",
      "beforeHooks": [],
      "afterHooks": [],
      "tests": [],
      "suites": [
        {
          "uuid": "7b47f393-dc8e-466d-b24f-0da93a48c825",
          "title": "SauceDemo Add to Cart",
          "fullFile": "",
          "file": "",
          "beforeHooks": [],
          "afterHooks": [],
          "tests": [
            {
              "title": "Add to cart",
              "fullTitle": "SauceDemo Add to Cart Add to cart",
              "timedOut": null,
              "duration": 1811,
              "state": "passed",
              "speed": "fast",
              "pass": true,
              "fail": false,
              "pending": false,
              "context": null,
              "code": "cy.get('#add-to-cart-sauce-labs-backpack').click();\ncy.get('#shopping_cart_container').click();\ncy.get('#cart_contents_container').should('be.visible');",
              "err": {},
              "uuid": "add570b8-d0b5-4875-882e-f2475dd0385b",
              "parentUUID": "7b47f393-dc8e-466d-b24f-0da93a48c825",
              "isHook": false,
              "skipped": false
            },
            {
              "title": "Add to cart and remove",
              "fullTitle": "SauceDemo Add to Cart Add to cart and remove",
              "timedOut": null,
              "duration": 1062,
              "state": "passed",
              "speed": "fast",
              "pass": true,
              "fail": false,
              "pending": false,
              "context": null,
              "code": "cy.get('#add-to-cart-sauce-labs-backpack').click();\ncy.get('#shopping_cart_container').click();\ncy.get('#cart_contents_container').should('be.visible');\ncy.get('#remove-sauce-labs-backpack').click();\ncy.get('#cart_contents_container').not('be.visible');",
              "err": {},
              "uuid": "634dc822-78d3-4e30-97ad-fcf53f7477c1",
              "parentUUID": "7b47f393-dc8e-466d-b24f-0da93a48c825",
              "isHook": false,
              "skipped": false
            }
          ],
          "suites": [],
          "passes": [
            "add570b8-d0b5-4875-882e-f2475dd0385b",
            "634dc822-78d3-4e30-97ad-fcf53f7477c1"
          ],
          "failures": [],
          "pending": [],
          "skipped": [],
          "duration": 2873,
          "root": false,
          "rootEmpty": false,
          "_timeout": 2000
        }
      ],
      "passes": [],
      "failures": [],
      "pending": [],
      "skipped": [],
      "duration": 0,
      "root": true,
      "rootEmpty": true,
      "_timeout": 2000
    }
  ],
  "meta": {
    "mocha": {
      "version": "7.0.1"
    },
    "mochawesome": {
      "options": {
        "quiet": false,
        "reportFilename": "mochawesome",
        "saveHtml": false,
        "saveJson": true,
        "consoleReporter": "spec",
        "useInlineDiffs": false,
        "code": true
      },
      "version": "7.1.3"
    },
    "marge": {
      "options": {
        "reportDir": "cypress/reports",
        "embeddedScreenshots": true,
        "charts": true,
        "overwrite": false,
        "html": false,
        "json": true
      },
      "version": "6.2.0"
    }
  }
}