{
  "stats": {
    "suites": 1,
    "tests": 2,
    "passes": 2,
    "pending": 0,
    "failures": 0,
    "start": "2023-04-12T20:06:08.927Z",
    "end": "2023-04-12T20:07:01.182Z",
    "duration": 52255,
    "testsRegistered": 2,
    "passPercent": 100,
    "pendingPercent": 0,
    "other": 0,
    "hasOther": false,
    "skipped": 0,
    "hasSkipped": false
  },
  "results": [
    {
      "uuid": "2584126a-9c39-4c15-be71-f7fcf8d916d6",
      "title": "",
      "fullFile": "cypress\\e2e\\addToCart.cy.js",
      "file": "cypress\\e2e\\addToCart.cy.js",
      "beforeHooks": [],
      "afterHooks": [],
      "tests": [],
      "suites": [
        {
          "uuid": "8e98f1ee-a082-46e4-a42b-263b8eec7c7e",
          "title": "SauceDemo Add to Cart",
          "fullFile": "",
          "file": "",
          "beforeHooks": [],
          "afterHooks": [],
          "tests": [
            {
              "title": "Add to cart",
              "fullTitle": "SauceDemo Add to Cart Add to cart",
              "timedOut": null,
              "duration": 2157,
              "state": "passed",
              "speed": "fast",
              "pass": true,
              "fail": false,
              "pending": false,
              "context": null,
              "code": "cy.get('#add-to-cart-sauce-labs-backpack').click();\ncy.get('#shopping_cart_container').click();\ncy.get('#cart_contents_container').should('be.visible');",
              "err": {},
              "uuid": "231d9592-f7b0-4c07-ae40-49cdab18e124",
              "parentUUID": "8e98f1ee-a082-46e4-a42b-263b8eec7c7e",
              "isHook": false,
              "skipped": false
            },
            {
              "title": "Add to cart and remove",
              "fullTitle": "SauceDemo Add to Cart Add to cart and remove",
              "timedOut": null,
              "duration": 1136,
              "state": "passed",
              "speed": "fast",
              "pass": true,
              "fail": false,
              "pending": false,
              "context": null,
              "code": "cy.get('#add-to-cart-sauce-labs-backpack').click();\ncy.get('#shopping_cart_container').click();\ncy.get('#cart_contents_container').should('be.visible');\ncy.get('#remove-sauce-labs-backpack').click();\ncy.get('#cart_contents_container').not('be.visible');",
              "err": {},
              "uuid": "22ffc3a1-2e5c-4037-81dd-a44d4cd7fbce",
              "parentUUID": "8e98f1ee-a082-46e4-a42b-263b8eec7c7e",
              "isHook": false,
              "skipped": false
            }
          ],
          "suites": [],
          "passes": [
            "231d9592-f7b0-4c07-ae40-49cdab18e124",
            "22ffc3a1-2e5c-4037-81dd-a44d4cd7fbce"
          ],
          "failures": [],
          "pending": [],
          "skipped": [],
          "duration": 3293,
          "root": false,
          "rootEmpty": false,
          "_timeout": 2000
        }
      ],
      "passes": [],
      "failures": [],
      "pending": [],
      "skipped": [],
      "duration": 0,
      "root": true,
      "rootEmpty": true,
      "_timeout": 2000
    }
  ],
  "meta": {
    "mocha": {
      "version": "7.0.1"
    },
    "mochawesome": {
      "options": {
        "quiet": false,
        "reportFilename": "mochawesome",
        "saveHtml": false,
        "saveJson": true,
        "consoleReporter": "spec",
        "useInlineDiffs": false,
        "code": true
      },
      "version": "7.1.3"
    },
    "marge": {
      "options": {
        "reportDir": "cypress/reports",
        "embeddedScreenshots": true,
        "charts": true,
        "overwrite": false,
        "html": false,
        "json": true
      },
      "version": "6.2.0"
    }
  }
}