{
  "stats": {
    "suites": 1,
    "tests": 2,
    "passes": 2,
    "pending": 0,
    "failures": 0,
    "start": "2023-04-12T20:13:20.907Z",
    "end": "2023-04-12T20:14:10.769Z",
    "duration": 49862,
    "testsRegistered": 2,
    "passPercent": 100,
    "pendingPercent": 0,
    "other": 0,
    "hasOther": false,
    "skipped": 0,
    "hasSkipped": false
  },
  "results": [
    {
      "uuid": "69114883-042d-49c0-9a99-747246615f3a",
      "title": "",
      "fullFile": "cypress\\e2e\\addToCart.cy.js",
      "file": "cypress\\e2e\\addToCart.cy.js",
      "beforeHooks": [],
      "afterHooks": [],
      "tests": [],
      "suites": [
        {
          "uuid": "5cb331ec-e340-4756-871d-e33c7a476153",
          "title": "SauceDemo Add to Cart",
          "fullFile": "",
          "file": "",
          "beforeHooks": [],
          "afterHooks": [],
          "tests": [
            {
              "title": "Add to cart",
              "fullTitle": "SauceDemo Add to Cart Add to cart",
              "timedOut": null,
              "duration": 46341,
              "state": "passed",
              "speed": "slow",
              "pass": true,
              "fail": false,
              "pending": false,
              "context": null,
              "code": "cy.get('#add-to-cart-sauce-labs-backpack').click();\ncy.get('#shopping_cart_container').click();\ncy.get('#cart_contents_container').should('be.visible');",
              "err": {},
              "uuid": "24054dfc-5c81-482e-8beb-3c3806e8059d",
              "parentUUID": "5cb331ec-e340-4756-871d-e33c7a476153",
              "isHook": false,
              "skipped": false
            },
            {
              "title": "Add to cart and remove",
              "fullTitle": "SauceDemo Add to Cart Add to cart and remove",
              "timedOut": null,
              "duration": 2026,
              "state": "passed",
              "speed": "fast",
              "pass": true,
              "fail": false,
              "pending": false,
              "context": null,
              "code": "cy.get('#add-to-cart-sauce-labs-backpack').click();\ncy.get('#shopping_cart_container').click();\ncy.get('#cart_contents_container').should('be.visible');\ncy.get('#remove-sauce-labs-backpack').click();\ncy.get('#cart_contents_container').not('be.visible');",
              "err": {},
              "uuid": "0c941500-c9ff-44ad-9f11-6d08d2cb9e6a",
              "parentUUID": "5cb331ec-e340-4756-871d-e33c7a476153",
              "isHook": false,
              "skipped": false
            }
          ],
          "suites": [],
          "passes": [
            "24054dfc-5c81-482e-8beb-3c3806e8059d",
            "0c941500-c9ff-44ad-9f11-6d08d2cb9e6a"
          ],
          "failures": [],
          "pending": [],
          "skipped": [],
          "duration": 48367,
          "root": false,
          "rootEmpty": false,
          "_timeout": 2000
        }
      ],
      "passes": [],
      "failures": [],
      "pending": [],
      "skipped": [],
      "duration": 0,
      "root": true,
      "rootEmpty": true,
      "_timeout": 2000
    }
  ],
  "meta": {
    "mocha": {
      "version": "7.0.1"
    },
    "mochawesome": {
      "options": {
        "quiet": false,
        "reportFilename": "mochawesome",
        "saveHtml": false,
        "saveJson": true,
        "consoleReporter": "spec",
        "useInlineDiffs": false,
        "code": true
      },
      "version": "7.1.3"
    },
    "marge": {
      "options": {
        "reportDir": "cypress/reports",
        "embeddedScreenshots": true,
        "charts": true,
        "overwrite": false,
        "html": false,
        "json": true
      },
      "version": "6.2.0"
    }
  }
}