{
  "stats": {
    "suites": 1,
    "tests": 1,
    "passes": 1,
    "pending": 0,
    "failures": 0,
    "start": "2023-04-12T20:14:30.890Z",
    "end": "2023-04-12T20:14:31.374Z",
    "duration": 484,
    "testsRegistered": 1,
    "passPercent": 100,
    "pendingPercent": 0,
    "other": 0,
    "hasOther": false,
    "skipped": 0,
    "hasSkipped": false
  },
  "results": [
    {
      "uuid": "e87bc02f-5f1d-4e4b-b602-c72770760a5e",
      "title": "",
      "fullFile": "cypress\\e2e\\mercadoLibreAPI.cy.js",
      "file": "cypress\\e2e\\mercadoLibreAPI.cy.js",
      "beforeHooks": [],
      "afterHooks": [],
      "tests": [],
      "suites": [
        {
          "uuid": "79679e3a-d45e-4156-92a2-075650f80116",
          "title": "Mercado Libre API",
          "fullFile": "",
          "file": "",
          "beforeHooks": [],
          "afterHooks": [],
          "tests": [
            {
              "title": "Listar Departamentos en MercadoLibre",
              "fullTitle": "Mercado Libre API Listar Departamentos en MercadoLibre",
              "timedOut": null,
              "duration": 455,
              "state": "passed",
              "speed": "fast",
              "pass": true,
              "fail": false,
              "pending": false,
              "context": null,
              "code": "cy.request(\"GET\", \" https://www.mercadolibre.com.ar/menu/departments\").should(response => {\n  expect(response.status).to.eq(200);\n  expect(response.body).to.have.property('departments');\n});",
              "err": {},
              "uuid": "69a7f553-8d22-4a1a-a34d-41a888425824",
              "parentUUID": "79679e3a-d45e-4156-92a2-075650f80116",
              "isHook": false,
              "skipped": false
            }
          ],
          "suites": [],
          "passes": [
            "69a7f553-8d22-4a1a-a34d-41a888425824"
          ],
          "failures": [],
          "pending": [],
          "skipped": [],
          "duration": 455,
          "root": false,
          "rootEmpty": false,
          "_timeout": 2000
        }
      ],
      "passes": [],
      "failures": [],
      "pending": [],
      "skipped": [],
      "duration": 0,
      "root": true,
      "rootEmpty": true,
      "_timeout": 2000
    }
  ],
  "meta": {
    "mocha": {
      "version": "7.0.1"
    },
    "mochawesome": {
      "options": {
        "quiet": false,
        "reportFilename": "mochawesome",
        "saveHtml": false,
        "saveJson": true,
        "consoleReporter": "spec",
        "useInlineDiffs": false,
        "code": true
      },
      "version": "7.1.3"
    },
    "marge": {
      "options": {
        "reportDir": "cypress/reports",
        "embeddedScreenshots": true,
        "charts": true,
        "overwrite": false,
        "html": false,
        "json": true
      },
      "version": "6.2.0"
    }
  }
}