{
  "stats": {
    "suites": 1,
    "tests": 4,
    "passes": 3,
    "pending": 0,
    "failures": 1,
    "start": "2023-04-12T20:10:37.000Z",
    "end": "2023-04-12T20:10:46.388Z",
    "duration": 9388,
    "testsRegistered": 4,
    "passPercent": 75,
    "pendingPercent": 0,
    "other": 0,
    "hasOther": false,
    "skipped": 0,
    "hasSkipped": false
  },
  "results": [
    {
      "uuid": "27cfee7c-0b35-47b8-a219-bcc1560c2271",
      "title": "",
      "fullFile": "cypress\\e2e\\login.cy.js",
      "file": "cypress\\e2e\\login.cy.js",
      "beforeHooks": [],
      "afterHooks": [],
      "tests": [],
      "suites": [
        {
          "uuid": "66ed2864-64cb-476d-97ff-4044ad1acb6e",
          "title": "SauceDemo Login",
          "fullFile": "",
          "file": "",
          "beforeHooks": [],
          "afterHooks": [],
          "tests": [
            {
              "title": "should login",
              "fullTitle": "SauceDemo Login should login",
              "timedOut": null,
              "duration": 917,
              "state": "passed",
              "speed": "fast",
              "pass": true,
              "fail": false,
              "pending": false,
              "context": null,
              "code": "cy.get('#user-name').type('standard_user');\ncy.get('#password').type('secret_sauce');\ncy.get('#login-button').click();\ncy.get('#inventory_container').should('be.visible');",
              "err": {},
              "uuid": "1ea6d0e0-b72b-4858-987b-803530bc0d1b",
              "parentUUID": "66ed2864-64cb-476d-97ff-4044ad1acb6e",
              "isHook": false,
              "skipped": false
            },
            {
              "title": "Login with bad credentials",
              "fullTitle": "SauceDemo Login Login with bad credentials",
              "timedOut": null,
              "duration": 950,
              "state": "passed",
              "speed": "fast",
              "pass": true,
              "fail": false,
              "pending": false,
              "context": null,
              "code": "cy.get('#user-name').type('standard_user');\ncy.get('#password').type('bad_password');\ncy.get('#login-button').click();\ncy.get('#login_button_container').should('be.visible');",
              "err": {},
              "uuid": "02dd5a01-3663-4a21-b99b-3f8f96146809",
              "parentUUID": "66ed2864-64cb-476d-97ff-4044ad1acb6e",
              "isHook": false,
              "skipped": false
            },
            {
              "title": "Login with locked user",
              "fullTitle": "SauceDemo Login Login with locked user",
              "timedOut": null,
              "duration": 768,
              "state": "passed",
              "speed": "fast",
              "pass": true,
              "fail": false,
              "pending": false,
              "context": null,
              "code": "cy.get('#user-name').type('locked_out_user');\ncy.get('#password').type('secret_sauce');\ncy.get('#login-button').click();\ncy.get('[data-test=\"error\"]').should('be.visible').invoke('text').should('eq', 'Epic sadface: Sorry, this user has been locked out.');",
              "err": {},
              "uuid": "97568642-fd4d-4921-b6f6-8482a088e73b",
              "parentUUID": "66ed2864-64cb-476d-97ff-4044ad1acb6e",
              "isHook": false,
              "skipped": false
            },
            {
              "title": "should login failed",
              "fullTitle": "SauceDemo Login should login failed",
              "timedOut": null,
              "duration": 5398,
              "state": "failed",
              "speed": null,
              "pass": false,
              "fail": true,
              "pending": false,
              "context": "\"assets/login.cy.js/SauceDemo Login -- should login failed (failed).png\"",
              "code": "cy.get('#user-name').type('standard_user');\ncy.get('#password').type('xyz');\ncy.get('#login-button').click();\ncy.get('#inventory_container').should('be.visible');",
              "err": {
                "message": "AssertionError: Timed out retrying after 4000ms: Expected to find element: `#inventory_container`, but never found it.",
                "estack": "AssertionError: Timed out retrying after 4000ms: Expected to find element: `#inventory_container`, but never found it.\n    at Context.eval (webpack:///./cypress/e2e/login.cy.js:37:39)",
                "diff": null
              },
              "uuid": "a1880571-e4e3-4c33-8cf9-9bafdd37e673",
              "parentUUID": "66ed2864-64cb-476d-97ff-4044ad1acb6e",
              "isHook": false,
              "skipped": false
            }
          ],
          "suites": [],
          "passes": [
            "1ea6d0e0-b72b-4858-987b-803530bc0d1b",
            "02dd5a01-3663-4a21-b99b-3f8f96146809",
            "97568642-fd4d-4921-b6f6-8482a088e73b"
          ],
          "failures": [
            "a1880571-e4e3-4c33-8cf9-9bafdd37e673"
          ],
          "pending": [],
          "skipped": [],
          "duration": 8033,
          "root": false,
          "rootEmpty": false,
          "_timeout": 2000
        }
      ],
      "passes": [],
      "failures": [],
      "pending": [],
      "skipped": [],
      "duration": 0,
      "root": true,
      "rootEmpty": true,
      "_timeout": 2000
    }
  ],
  "meta": {
    "mocha": {
      "version": "7.0.1"
    },
    "mochawesome": {
      "options": {
        "quiet": false,
        "reportFilename": "mochawesome",
        "saveHtml": false,
        "saveJson": true,
        "consoleReporter": "spec",
        "useInlineDiffs": false,
        "code": true
      },
      "version": "7.1.3"
    },
    "marge": {
      "options": {
        "reportDir": "cypress/reports",
        "embeddedScreenshots": true,
        "charts": true,
        "overwrite": false,
        "html": false,
        "json": true
      },
      "version": "6.2.0"
    }
  }
}