{
  "stats": {
    "suites": 1,
    "tests": 4,
    "passes": 3,
    "pending": 0,
    "failures": 1,
    "start": "2023-04-12T20:07:09.774Z",
    "end": "2023-04-12T20:07:19.035Z",
    "duration": 9261,
    "testsRegistered": 4,
    "passPercent": 75,
    "pendingPercent": 0,
    "other": 0,
    "hasOther": false,
    "skipped": 0,
    "hasSkipped": false
  },
  "results": [
    {
      "uuid": "2b82f57a-9c97-4884-bce9-126970b9734b",
      "title": "",
      "fullFile": "cypress\\e2e\\login.cy.js",
      "file": "cypress\\e2e\\login.cy.js",
      "beforeHooks": [],
      "afterHooks": [],
      "tests": [],
      "suites": [
        {
          "uuid": "f7d26eb2-8e05-4fd6-8213-9db46f9e5b8b",
          "title": "SauceDemo Login",
          "fullFile": "",
          "file": "",
          "beforeHooks": [],
          "afterHooks": [],
          "tests": [
            {
              "title": "should login",
              "fullTitle": "SauceDemo Login should login",
              "timedOut": null,
              "duration": 951,
              "state": "passed",
              "speed": "fast",
              "pass": true,
              "fail": false,
              "pending": false,
              "context": null,
              "code": "cy.get('#user-name').type('standard_user');\ncy.get('#password').type('secret_sauce');\ncy.get('#login-button').click();\ncy.get('#inventory_container').should('be.visible');",
              "err": {},
              "uuid": "3210cf66-dcb1-40e9-ad49-0950c64593bb",
              "parentUUID": "f7d26eb2-8e05-4fd6-8213-9db46f9e5b8b",
              "isHook": false,
              "skipped": false
            },
            {
              "title": "Login with bad credentials",
              "fullTitle": "SauceDemo Login Login with bad credentials",
              "timedOut": null,
              "duration": 952,
              "state": "passed",
              "speed": "fast",
              "pass": true,
              "fail": false,
              "pending": false,
              "context": null,
              "code": "cy.get('#user-name').type('standard_user');\ncy.get('#password').type('bad_password');\ncy.get('#login-button').click();\ncy.get('#login_button_container').should('be.visible');",
              "err": {},
              "uuid": "e211ce8c-fd80-46c9-882e-188a26b4e029",
              "parentUUID": "f7d26eb2-8e05-4fd6-8213-9db46f9e5b8b",
              "isHook": false,
              "skipped": false
            },
            {
              "title": "Login with locked user",
              "fullTitle": "SauceDemo Login Login with locked user",
              "timedOut": null,
              "duration": 787,
              "state": "passed",
              "speed": "fast",
              "pass": true,
              "fail": false,
              "pending": false,
              "context": null,
              "code": "cy.get('#user-name').type('locked_out_user');\ncy.get('#password').type('secret_sauce');\ncy.get('#login-button').click();\ncy.get('[data-test=\"error\"]').should('be.visible').invoke('text').should('eq', 'Epic sadface: Sorry, this user has been locked out.');",
              "err": {},
              "uuid": "d629a6e4-97da-46db-85a0-43a0bc638bf0",
              "parentUUID": "f7d26eb2-8e05-4fd6-8213-9db46f9e5b8b",
              "isHook": false,
              "skipped": false
            },
            {
              "title": "should login failed",
              "fullTitle": "SauceDemo Login should login failed",
              "timedOut": null,
              "duration": 5412,
              "state": "failed",
              "speed": null,
              "pass": false,
              "fail": true,
              "pending": false,
              "context": "\"assets/login.cy.js/SauceDemo Login -- should login failed (failed).png\"",
              "code": "cy.get('#user-name').type('standard_user');\ncy.get('#password').type('xyz');\ncy.get('#login-button').click();\ncy.get('#inventory_container').should('be.visible');",
              "err": {
                "message": "AssertionError: Timed out retrying after 4000ms: Expected to find element: `#inventory_container`, but never found it.",
                "estack": "AssertionError: Timed out retrying after 4000ms: Expected to find element: `#inventory_container`, but never found it.\n    at Context.eval (webpack:///./cypress/e2e/login.cy.js:37:39)",
                "diff": null
              },
              "uuid": "b9ab35b6-c31d-4caa-9823-76f260ccfeac",
              "parentUUID": "f7d26eb2-8e05-4fd6-8213-9db46f9e5b8b",
              "isHook": false,
              "skipped": false
            }
          ],
          "suites": [],
          "passes": [
            "3210cf66-dcb1-40e9-ad49-0950c64593bb",
            "e211ce8c-fd80-46c9-882e-188a26b4e029",
            "d629a6e4-97da-46db-85a0-43a0bc638bf0"
          ],
          "failures": [
            "b9ab35b6-c31d-4caa-9823-76f260ccfeac"
          ],
          "pending": [],
          "skipped": [],
          "duration": 8102,
          "root": false,
          "rootEmpty": false,
          "_timeout": 2000
        }
      ],
      "passes": [],
      "failures": [],
      "pending": [],
      "skipped": [],
      "duration": 0,
      "root": true,
      "rootEmpty": true,
      "_timeout": 2000
    }
  ],
  "meta": {
    "mocha": {
      "version": "7.0.1"
    },
    "mochawesome": {
      "options": {
        "quiet": false,
        "reportFilename": "mochawesome",
        "saveHtml": false,
        "saveJson": true,
        "consoleReporter": "spec",
        "useInlineDiffs": false,
        "code": true
      },
      "version": "7.1.3"
    },
    "marge": {
      "options": {
        "reportDir": "cypress/reports",
        "embeddedScreenshots": true,
        "charts": true,
        "overwrite": false,
        "html": false,
        "json": true
      },
      "version": "6.2.0"
    }
  }
}